This is pdfTeX, Version 3.14159265-2.6-1.40.21 (MiKTeX 2.9.7380 64-bit) (preloaded format=pdflatex 2021.1.14)  16 JAN 2021 10:33
entering extended mode
**./main.tex
(main.tex
LaTeX2e <2020-02-02> patch level 5
L3 programming layer <2020-03-06>
("D:\Program Files\MiKTeX 2.9\tex/latex/base\article.cls"
Document Class: article 2019/12/20 v1.4l Standard LaTeX document class
("D:\Program Files\MiKTeX 2.9\tex/latex/base\size12.clo"
File: size12.clo 2019/12/20 v1.4l Standard LaTeX file (size option)
)
\c@part=\count167
\c@section=\count168
\c@subsection=\count169
\c@subsubsection=\count170
\c@paragraph=\count171
\c@subparagraph=\count172
\c@figure=\count173
\c@table=\count174
\abovecaptionskip=\skip47
\belowcaptionskip=\skip48
\bibindent=\dimen134
)
("D:\Program Files\MiKTeX 2.9\tex/latex/amsmath\amsmath.sty"
Package: amsmath 2020/01/20 v2.17e AMS math features
\@mathmargin=\skip49

For additional information on amsmath, use the `?' option.
("D:\Program Files\MiKTeX 2.9\tex/latex/amsmath\amstext.sty"
Package: amstext 2000/06/29 v2.01 AMS text

("D:\Program Files\MiKTeX 2.9\tex/latex/amsmath\amsgen.sty"
File: amsgen.sty 1999/11/30 v2.0 generic functions
\@emptytoks=\toks15
\ex@=\dimen135
))
("D:\Program Files\MiKTeX 2.9\tex/latex/amsmath\amsbsy.sty"
Package: amsbsy 1999/11/29 v1.2d Bold Symbols
\pmbraise@=\dimen136
)
("D:\Program Files\MiKTeX 2.9\tex/latex/amsmath\amsopn.sty"
Package: amsopn 2016/03/08 v2.02 operator names
)
\inf@bad=\count175
LaTeX Info: Redefining \frac on input line 227.
\uproot@=\count176
\leftroot@=\count177
LaTeX Info: Redefining \overline on input line 389.
\classnum@=\count178
\DOTSCASE@=\count179
LaTeX Info: Redefining \ldots on input line 486.
LaTeX Info: Redefining \dots on input line 489.
LaTeX Info: Redefining \cdots on input line 610.
\Mathstrutbox@=\box45
\strutbox@=\box46
\big@size=\dimen137
LaTeX Font Info:    Redeclaring font encoding OML on input line 733.
LaTeX Font Info:    Redeclaring font encoding OMS on input line 734.
\macc@depth=\count180
\c@MaxMatrixCols=\count181
\dotsspace@=\muskip16
\c@parentequation=\count182
\dspbrk@lvl=\count183
\tag@help=\toks16
\row@=\count184
\column@=\count185
\maxfields@=\count186
\andhelp@=\toks17
\eqnshift@=\dimen138
\alignsep@=\dimen139
\tagshift@=\dimen140
\tagwidth@=\dimen141
\totwidth@=\dimen142
\lineht@=\dimen143
\@envbody=\toks18
\multlinegap=\skip50
\multlinetaggap=\skip51
\mathdisplay@stack=\toks19
LaTeX Info: Redefining \[ on input line 2859.
LaTeX Info: Redefining \] on input line 2860.
)
("D:\Program Files\MiKTeX 2.9\tex/latex/grffile\grffile.sty"
Package: grffile 2019/11/11 v2.1 Extended file name support for graphics (legac
y)
Package grffile Info: This package is an empty stub for compatibility on input 
line 40.

("D:\Program Files\MiKTeX 2.9\tex/latex/graphics\graphicx.sty"
Package: graphicx 2019/11/30 v1.2a Enhanced LaTeX Graphics (DPC,SPQR)

("D:\Program Files\MiKTeX 2.9\tex/latex/graphics\keyval.sty"
Package: keyval 2014/10/28 v1.15 key=value parser (DPC)
\KV@toks@=\toks20
)
("D:\Program Files\MiKTeX 2.9\tex/latex/graphics\graphics.sty"
Package: graphics 2019/11/30 v1.4a Standard LaTeX Graphics (DPC,SPQR)

("D:\Program Files\MiKTeX 2.9\tex/latex/graphics\trig.sty"
Package: trig 2016/01/03 v1.10 sin cos tan (DPC)
)
("D:\Program Files\MiKTeX 2.9\tex/latex/graphics-cfg\graphics.cfg"
File: graphics.cfg 2016/06/04 v1.11 sample graphics configuration
)
Package graphics Info: Driver file: pdftex.def on input line 105.

("D:\Program Files\MiKTeX 2.9\tex/latex/graphics-def\pdftex.def"
File: pdftex.def 2018/01/08 v1.0l Graphics/color driver for pdftex
))
\Gin@req@height=\dimen144
\Gin@req@width=\dimen145
))
("D:\Program Files\MiKTeX 2.9\tex/latex/pdfpages\pdfpages.sty"
Package: pdfpages 2020/01/28 v0.5q Insert pages of external PDF documents (AM)

("D:\Program Files\MiKTeX 2.9\tex/latex/base\ifthen.sty"
Package: ifthen 2014/09/29 v1.1c Standard LaTeX ifthen package (DPC)
)
("D:\Program Files\MiKTeX 2.9\tex/latex/tools\calc.sty"
Package: calc 2017/05/25 v4.3 Infix arithmetic (KKT,FJ)
\calc@Acount=\count187
\calc@Bcount=\count188
\calc@Adimen=\dimen146
\calc@Bdimen=\dimen147
\calc@Askip=\skip52
\calc@Bskip=\skip53
LaTeX Info: Redefining \setlength on input line 80.
LaTeX Info: Redefining \addtolength on input line 81.
\calc@Ccount=\count189
\calc@Cskip=\skip54
)
("D:\Program Files\MiKTeX 2.9\tex/latex/eso-pic\eso-pic.sty"
Package: eso-pic 2018/04/12 v2.0h eso-pic (RN)

("D:\Program Files\MiKTeX 2.9\tex/generic/atbegshi\atbegshi.sty"
Package: atbegshi 2019/12/05 v1.19 At begin shipout hook (HO)

("D:\Program Files\MiKTeX 2.9\tex/generic/infwarerr\infwarerr.sty"
Package: infwarerr 2019/12/03 v1.5 Providing info/warning/error messages (HO)
)
("D:\Program Files\MiKTeX 2.9\tex/generic/ltxcmds\ltxcmds.sty"
Package: ltxcmds 2019/12/15 v1.24 LaTeX kernel commands for general use (HO)
)
("D:\Program Files\MiKTeX 2.9\tex/generic/iftex\iftex.sty"
Package: iftex 2020/03/06 v1.0d TeX engine tests
))
("D:\Program Files\MiKTeX 2.9\tex/latex/xcolor\xcolor.sty"
Package: xcolor 2016/05/11 v2.12 LaTeX color extensions (UK)

("D:\Program Files\MiKTeX 2.9\tex/latex/graphics-cfg\color.cfg"
File: color.cfg 2016/01/02 v1.6 sample color configuration
)
Package xcolor Info: Driver file: pdftex.def on input line 225.
Package xcolor Info: Model `cmy' substituted by `cmy0' on input line 1348.
Package xcolor Info: Model `hsb' substituted by `rgb' on input line 1352.
Package xcolor Info: Model `RGB' extended on input line 1364.
Package xcolor Info: Model `HTML' substituted by `rgb' on input line 1366.
Package xcolor Info: Model `Hsb' substituted by `hsb' on input line 1367.
Package xcolor Info: Model `tHsb' substituted by `hsb' on input line 1368.
Package xcolor Info: Model `HSB' substituted by `hsb' on input line 1369.
Package xcolor Info: Model `Gray' substituted by `gray' on input line 1370.
Package xcolor Info: Model `wave' substituted by `hsb' on input line 1371.
))
\AM@pagewidth=\dimen148
\AM@pageheight=\dimen149

("D:\Program Files\MiKTeX 2.9\tex/latex/pdfpages\pppdftex.def"
File: pppdftex.def 2020/01/28 v0.5q Pdfpages driver for pdfTeX (AM)
)
\AM@pagebox=\box47
\AM@global@opts=\toks21
\AM@pagecnt=\count190
\AM@toc@title=\toks22
\c@AM@survey=\count191
\AM@templatesizebox=\box48
)
("D:\Program Files\MiKTeX 2.9\tex/latex/appendix\appendix.sty"
Package: appendix 2020/02/08 v1.2c extra appendix facilities
\c@@pps=\count192
\c@@ppsavesec=\count193
\c@@ppsaveapp=\count194
)
("D:\Program Files\MiKTeX 2.9\tex/latex/l3backend\l3backend-pdfmode.def"
File: l3backend-pdfmode.def 2020-03-12 L3 backend support: PDF mode
\l__kernel_color_stack_int=\count195
\l__pdf_internal_box=\box49
)
(main.aux)
\openout1 = `main.aux'.

LaTeX Font Info:    Checking defaults for OML/cmm/m/it on input line 12.
LaTeX Font Info:    ... okay on input line 12.
LaTeX Font Info:    Checking defaults for OMS/cmsy/m/n on input line 12.
LaTeX Font Info:    ... okay on input line 12.
LaTeX Font Info:    Checking defaults for OT1/cmr/m/n on input line 12.
LaTeX Font Info:    ... okay on input line 12.
LaTeX Font Info:    Checking defaults for T1/cmr/m/n on input line 12.
LaTeX Font Info:    ... okay on input line 12.
LaTeX Font Info:    Checking defaults for TS1/cmr/m/n on input line 12.
LaTeX Font Info:    ... okay on input line 12.
LaTeX Font Info:    Checking defaults for OMX/cmex/m/n on input line 12.
LaTeX Font Info:    ... okay on input line 12.
LaTeX Font Info:    Checking defaults for U/cmr/m/n on input line 12.
LaTeX Font Info:    ... okay on input line 12.
 ("D:\Program Files\MiKTeX 2.9\tex/context/base/mkii\supp-pdf.mkii"
[Loading MPS to PDF converter (version 2006.09.02).]
\scratchcounter=\count196
\scratchdimen=\dimen150
\scratchbox=\box50
\nofMPsegments=\count197
\nofMParguments=\count198
\everyMPshowfont=\toks23
\MPscratchCnt=\count199
\MPscratchDim=\dimen151
\MPnumerator=\count266
\makeMPintoPDFobject=\count267
\everyMPtoPDFconversion=\toks24
) ("D:\Program Files\MiKTeX 2.9\tex/latex/epstopdf-pkg\epstopdf-base.sty"
Package: epstopdf-base 2020-01-24 v2.11 Base part for package epstopdf
Package epstopdf-base Info: Redefining graphics rule for `.eps' on input line 4
85.
)
\AtBeginShipoutBox=\box51

("D:\Program Files\MiKTeX 2.9\tex/latex/pdflscape\pdflscape.sty"
Package: pdflscape 2019/12/05 v0.12 Display of landscape pages in PDF (HO)

("D:\Program Files\MiKTeX 2.9\tex/latex/graphics\lscape.sty"
Package: lscape 2000/10/22 v3.01 Landscape Pages (DPC)
)
Package pdflscape Info: Auto-detected driver: pdftex on input line 81.
) [1

{C:/Users/91950/AppData/Local/MiKTeX/2.9/pdftex/config/pdftex.map}] (main.toc)
\tf@toc=\write3
\openout3 = `main.toc'.


Underfull \hbox (badness 10000) in paragraph at lines 54--56

 []


Package amsmath Warning: Foreign command \over;
(amsmath)                \frac or \genfrac should be used instead
(amsmath)                 on input line 60.


Underfull \hbox (badness 10000) in paragraph at lines 57--65

 []


Underfull \hbox (badness 10000) in paragraph at lines 66--71

 []


Underfull \hbox (badness 10000) in paragraph at lines 72--77

 []


Underfull \hbox (badness 10000) in paragraph at lines 78--79

 []


Underfull \hbox (badness 10000) in paragraph at lines 80--85

 []

[1]
Underfull \hbox (badness 10000) in paragraph at lines 86--87

 []

LaTeX Font Info:    Trying to load font information for OMS+cmr on input line 1
14.
("D:\Program Files\MiKTeX 2.9\tex/latex/base\omscmr.fd"
File: omscmr.fd 2019/12/16 v2.5j Standard LaTeX font definitions
)
LaTeX Font Info:    Font shape `OMS/cmr/m/n' in size <12> not available
(Font)              Font shape `OMS/cmsy/m/n' tried instead on input line 114.
 [2]
Overfull \hbox (1.21117pt too wide) in paragraph at lines 164--168
 [] 
 []

[3]
<../Gnuplot/NSvsAS_plot_for_128_grid_points.pdf, id=23, 1927.2pt x 943.525pt>
File: ../Gnuplot/NSvsAS_plot_for_128_grid_points.pdf Graphic file (type pdf)
<use ../Gnuplot/NSvsAS_plot_for_128_grid_points.pdf>
Package pdftex.def Info: ../Gnuplot/NSvsAS_plot_for_128_grid_points.pdf  used o
n input line 183.
(pdftex.def)             Requested size: 1927.19533pt x 943.52269pt.
File: ../Gnuplot/NSvsAS_plot_for_128_grid_points.pdf Graphic file (type pdf)
<use ../Gnuplot/NSvsAS_plot_for_128_grid_points.pdf>
Package pdftex.def Info: ../Gnuplot/NSvsAS_plot_for_128_grid_points.pdf  used o
n input line 183.
(pdftex.def)             Requested size: 1927.19533pt x 943.52269pt.
<../Gnuplot/NSvsAS_plot_for_128_grid_points.pdf, id=26, page=1, 1927.2pt x 943.
525pt>
File: ../Gnuplot/NSvsAS_plot_for_128_grid_points.pdf Graphic file (type pdf)
<use ../Gnuplot/NSvsAS_plot_for_128_grid_points.pdf, page 1>
Package pdftex.def Info: ../Gnuplot/NSvsAS_plot_for_128_grid_points.pdf , page1
 used on input line 183.
(pdftex.def)             Requested size: 1927.19533pt x 943.52269pt.
File: ../Gnuplot/NSvsAS_plot_for_128_grid_points.pdf Graphic file (type pdf)
<use ../Gnuplot/NSvsAS_plot_for_128_grid_points.pdf, page 1>
Package pdftex.def Info: ../Gnuplot/NSvsAS_plot_for_128_grid_points.pdf , page1
 used on input line 183.
(pdftex.def)             Requested size: 1252.66519pt x 613.28398pt.
 [4]
File: ../Gnuplot/NSvsAS_plot_for_128_grid_points.pdf Graphic file (type pdf)
<use ../Gnuplot/NSvsAS_plot_for_128_grid_points.pdf, page 1>
Package pdftex.def Info: ../Gnuplot/NSvsAS_plot_for_128_grid_points.pdf , page1
 used on input line 183.
(pdftex.def)             Requested size: 1252.66519pt x 613.28398pt.
File: ../Gnuplot/NSvsAS_plot_for_128_grid_points.pdf Graphic file (type pdf)
<use ../Gnuplot/NSvsAS_plot_for_128_grid_points.pdf, page 1>
Package pdftex.def Info: ../Gnuplot/NSvsAS_plot_for_128_grid_points.pdf , page1
 used on input line 183.
(pdftex.def)             Requested size: 1252.66519pt x 613.28398pt.
File: ../Gnuplot/NSvsAS_plot_for_128_grid_points.pdf Graphic file (type pdf)
<use ../Gnuplot/NSvsAS_plot_for_128_grid_points.pdf, page 1>
Package pdftex.def Info: ../Gnuplot/NSvsAS_plot_for_128_grid_points.pdf , page1
 used on input line 183.
(pdftex.def)             Requested size: 1252.66519pt x 613.28398pt.
 [5 <../Gnuplot/NSvsAS_plot_for_128_grid_points.pdf>]
<../Gnuplot/Error vs time for 128 grid points.pdf, id=41, 1927.2pt x 943.525pt>

File: ../Gnuplot/Error vs time for 128 grid points.pdf Graphic file (type pdf)
<use ../Gnuplot/Error vs time for 128 grid points.pdf>
Package pdftex.def Info: ../Gnuplot/Error vs time for 128 grid points.pdf  used
 on input line 186.
(pdftex.def)             Requested size: 1927.19533pt x 943.52269pt.
File: ../Gnuplot/Error vs time for 128 grid points.pdf Graphic file (type pdf)
<use ../Gnuplot/Error vs time for 128 grid points.pdf>
Package pdftex.def Info: ../Gnuplot/Error vs time for 128 grid points.pdf  used
 on input line 186.
(pdftex.def)             Requested size: 1927.19533pt x 943.52269pt.
<../Gnuplot/Error vs time for 128 grid points.pdf, id=44, page=1, 1927.2pt x 94
3.525pt>
File: ../Gnuplot/Error vs time for 128 grid points.pdf Graphic file (type pdf)
<use ../Gnuplot/Error vs time for 128 grid points.pdf, page 1>
Package pdftex.def Info: ../Gnuplot/Error vs time for 128 grid points.pdf , pag
e1 used on input line 186.
(pdftex.def)             Requested size: 1927.19533pt x 943.52269pt.
File: ../Gnuplot/Error vs time for 128 grid points.pdf Graphic file (type pdf)
<use ../Gnuplot/Error vs time for 128 grid points.pdf, page 1>
Package pdftex.def Info: ../Gnuplot/Error vs time for 128 grid points.pdf , pag
e1 used on input line 186.
(pdftex.def)             Requested size: 1252.66519pt x 613.28398pt.
File: ../Gnuplot/Error vs time for 128 grid points.pdf Graphic file (type pdf)
<use ../Gnuplot/Error vs time for 128 grid points.pdf, page 1>
Package pdftex.def Info: ../Gnuplot/Error vs time for 128 grid points.pdf , pag
e1 used on input line 186.
(pdftex.def)             Requested size: 1252.66519pt x 613.28398pt.
File: ../Gnuplot/Error vs time for 128 grid points.pdf Graphic file (type pdf)
<use ../Gnuplot/Error vs time for 128 grid points.pdf, page 1>
Package pdftex.def Info: ../Gnuplot/Error vs time for 128 grid points.pdf , pag
e1 used on input line 186.
(pdftex.def)             Requested size: 1252.66519pt x 613.28398pt.
File: ../Gnuplot/Error vs time for 128 grid points.pdf Graphic file (type pdf)
<use ../Gnuplot/Error vs time for 128 grid points.pdf, page 1>
Package pdftex.def Info: ../Gnuplot/Error vs time for 128 grid points.pdf , pag
e1 used on input line 186.
(pdftex.def)             Requested size: 1252.66519pt x 613.28398pt.
 [6 <../Gnuplot/Error vs time for 128 grid points.pdf>]

pdfTeX warning: pdflatex.exe (file ../code.pdf): PDF inclusion: found PDF versi
on <1.7>, but at most version <1.5> allowed
<../code.pdf, id=57, 597.55246pt x 845.07724pt>
File: ../code.pdf Graphic file (type pdf)
<use ../code.pdf>
Package pdftex.def Info: ../code.pdf  used on input line 190.
(pdftex.def)             Requested size: 597.551pt x 845.07518pt.


pdfTeX warning: pdflatex.exe (file ../code.pdf): PDF inclusion: found PDF versi
on <1.7>, but at most version <1.5> allowed
File: ../code.pdf Graphic file (type pdf)
<use ../code.pdf>
Package pdftex.def Info: ../code.pdf  used on input line 190.
(pdftex.def)             Requested size: 597.551pt x 845.07518pt.


pdfTeX warning: pdflatex.exe (file ../code.pdf): PDF inclusion: found PDF versi
on <1.7>, but at most version <1.5> allowed


pdfTeX warning: pdflatex.exe (file ../code.pdf): PDF inclusion: found PDF versi
on <1.7>, but at most version <1.5> allowed
<../code.pdf, id=60, page=1, 597.55246pt x 845.07724pt>
File: ../code.pdf Graphic file (type pdf)
<use ../code.pdf, page 1>
Package pdftex.def Info: ../code.pdf , page1 used on input line 190.
(pdftex.def)             Requested size: 597.551pt x 845.07518pt.
File: ../code.pdf Graphic file (type pdf)
<use ../code.pdf, page 1>
Package pdftex.def Info: ../code.pdf , page1 used on input line 190.
(pdftex.def)             Requested size: 388.4045pt x 549.2937pt.
File: ../code.pdf Graphic file (type pdf)
<use ../code.pdf, page 1>
Package pdftex.def Info: ../code.pdf , page1 used on input line 190.
(pdftex.def)             Requested size: 388.4045pt x 549.2937pt.
File: ../code.pdf Graphic file (type pdf)
<use ../code.pdf, page 1>
Package pdftex.def Info: ../code.pdf , page1 used on input line 190.
(pdftex.def)             Requested size: 388.4045pt x 549.2937pt.
File: ../code.pdf Graphic file (type pdf)
<use ../code.pdf, page 1>
Package pdftex.def Info: ../code.pdf , page1 used on input line 190.
(pdftex.def)             Requested size: 388.4045pt x 549.2937pt.
[7 <../code.pdf>]
File: ../code.pdf Graphic file (type pdf)
<use ../code.pdf>
Package pdftex.def Info: ../code.pdf  used on input line 191.
(pdftex.def)             Requested size: 597.551pt x 845.07518pt.


pdfTeX warning: pdflatex.exe (file ../code.pdf): PDF inclusion: found PDF versi
on <1.7>, but at most version <1.5> allowed
File: ../code.pdf Graphic file (type pdf)
<use ../code.pdf>
Package pdftex.def Info: ../code.pdf  used on input line 191.
(pdftex.def)             Requested size: 597.551pt x 845.07518pt.


pdfTeX warning: pdflatex.exe (file ../code.pdf): PDF inclusion: found PDF versi
on <1.7>, but at most version <1.5> allowed
File: ../code.pdf Graphic file (type pdf)
<use ../code.pdf>
Package pdftex.def Info: ../code.pdf  used on input line 191.
(pdftex.def)             Requested size: 597.551pt x 845.07518pt.


pdfTeX warning: pdflatex.exe (file ../code.pdf): PDF inclusion: found PDF versi
on <1.7>, but at most version <1.5> allowed


pdfTeX warning: pdflatex.exe (file ../code.pdf): PDF inclusion: found PDF versi
on <1.7>, but at most version <1.5> allowed
<../code.pdf, id=84, page=2, 597.55246pt x 845.07724pt>
File: ../code.pdf Graphic file (type pdf)
<use ../code.pdf, page 2>
Package pdftex.def Info: ../code.pdf , page2 used on input line 191.
(pdftex.def)             Requested size: 597.551pt x 845.07518pt.
File: ../code.pdf Graphic file (type pdf)
<use ../code.pdf, page 2>
Package pdftex.def Info: ../code.pdf , page2 used on input line 191.
(pdftex.def)             Requested size: 388.4045pt x 549.2937pt.
File: ../code.pdf Graphic file (type pdf)
<use ../code.pdf, page 2>
Package pdftex.def Info: ../code.pdf , page2 used on input line 191.
(pdftex.def)             Requested size: 388.4045pt x 549.2937pt.
File: ../code.pdf Graphic file (type pdf)
<use ../code.pdf, page 2>
Package pdftex.def Info: ../code.pdf , page2 used on input line 191.
(pdftex.def)             Requested size: 388.4045pt x 549.2937pt.
File: ../code.pdf Graphic file (type pdf)
<use ../code.pdf, page 2>
Package pdftex.def Info: ../code.pdf , page2 used on input line 191.
(pdftex.def)             Requested size: 388.4045pt x 549.2937pt.
[8 <../code.pdf>]

pdfTeX warning: pdflatex.exe (file ../code.pdf): PDF inclusion: found PDF versi
on <1.7>, but at most version <1.5> allowed
<../code.pdf, id=88, page=3, 597.55246pt x 845.07724pt>
File: ../code.pdf Graphic file (type pdf)
<use ../code.pdf, page 3>
Package pdftex.def Info: ../code.pdf , page3 used on input line 191.
(pdftex.def)             Requested size: 388.4045pt x 549.2937pt.
File: ../code.pdf Graphic file (type pdf)
<use ../code.pdf, page 3>
Package pdftex.def Info: ../code.pdf , page3 used on input line 191.
(pdftex.def)             Requested size: 388.4045pt x 549.2937pt.
File: ../code.pdf Graphic file (type pdf)
<use ../code.pdf, page 3>
Package pdftex.def Info: ../code.pdf , page3 used on input line 191.
(pdftex.def)             Requested size: 388.4045pt x 549.2937pt.
[9 <../code.pdf>] (main.aux) ) 
Here is how much of TeX's memory you used:
 3490 strings out of 480898
 49941 string characters out of 2908368
 298041 words of memory out of 3000000
 19330 multiletter control sequences out of 15000+200000
 537195 words of font info for 41 fonts, out of 3000000 for 9000
 1141 hyphenation exceptions out of 8191
 41i,21n,49p,354b,463s stack positions out of 5000i,500n,10000p,200000b,50000s
<D:/Program Files/MiKTeX 2.9/fonts/type1/public/a
msfonts/cm/cmbx12.pfb><D:/Program Files/MiKTeX 2.9/fonts/type1/public/amsfonts/
cm/cmmi12.pfb><D:/Program Files/MiKTeX 2.9/fonts/type1/public/amsfonts/cm/cmmi6
.pfb><D:/Program Files/MiKTeX 2.9/fonts/type1/public/amsfonts/cm/cmmi8.pfb><D:/
Program Files/MiKTeX 2.9/fonts/type1/public/amsfonts/cm/cmr12.pfb><D:/Program F
iles/MiKTeX 2.9/fonts/type1/public/amsfonts/cm/cmr6.pfb><D:/Program Files/MiKTe
X 2.9/fonts/type1/public/amsfonts/cm/cmr8.pfb><D:/Program Files/MiKTeX 2.9/font
s/type1/public/amsfonts/cm/cmsy10.pfb><D:/Program Files/MiKTeX 2.9/fonts/type1/
public/amsfonts/cm/cmsy8.pfb>
Output written on main.pdf (10 pages, 315800 bytes).
PDF statistics:
 121 PDF objects out of 1000 (max. 8388607)
 0 named destinations out of 1000 (max. 500000)
 86 words of extra memory for PDF output out of 10000 (max. 10000000)

